----------------------------  AACEnc.pjt - Release  ----------------------------
[aacquant.c] "C:\Program Files\Texas Instruments\C6000 Code Generation Tools 6.1.9\bin\cl6x" -pdsw225 -o3 -fr"C:/AudioLib/thirtypart/aac/libfaac/Release" -mf5 -mv6700 -@"Release.lkf" "aacquant.c"
"psych.h", line 85: warning: last line of file ends without a newline
"aacquant.h", line 40: warning: unrecognized #pragma
"aacquant.h", line 47: warning: unrecognized #pragma
"frame.h", line 63: warning: unrecognized #pragma
"faaccfg.h", line 48: warning: unrecognized #pragma
"faaccfg.h", line 120: warning: unrecognized #pragma
"frame.h", line 158: warning: unrecognized #pragma
"aacquant.c", line 212: warning: function declared implicitly

[backpred.c] "C:\Program Files\Texas Instruments\C6000 Code Generation Tools 6.1.9\bin\cl6x" -pdsw225 -o3 -fr"C:/AudioLib/thirtypart/aac/libfaac/Release" -mf5 -mv6700 -@"Release.lkf" "backpred.c"
"psych.h", line 85: warning: last line of file ends without a newline
"aacquant.h", line 40: warning: unrecognized #pragma
"aacquant.h", line 47: warning: unrecognized #pragma
"frame.h", line 63: warning: unrecognized #pragma
"faaccfg.h", line 48: warning: unrecognized #pragma
"faaccfg.h", line 120: warning: unrecognized #pragma
"frame.h", line 158: warning: unrecognized #pragma

[bitstream.c] "C:\Program Files\Texas Instruments\C6000 Code Generation Tools 6.1.9\bin\cl6x" -pdsw225 -o3 -fr"C:/AudioLib/thirtypart/aac/libfaac/Release" -mf5 -mv6700 -@"Release.lkf" "bitstream.c"
"psych.h", line 85: warning: last line of file ends without a newline
"aacquant.h", line 40: warning: unrecognized #pragma
"aacquant.h", line 47: warning: unrecognized #pragma
"frame.h", line 63: warning: unrecognized #pragma
"faaccfg.h", line 48: warning: unrecognized #pragma
"faaccfg.h", line 120: warning: unrecognized #pragma
"frame.h", line 158: warning: unrecognized #pragma
"bitstream.c", line 124: warning: function declared implicitly
"bitstream.c", line 948: warning: function declared implicitly

[channels.c] "C:\Program Files\Texas Instruments\C6000 Code Generation Tools 6.1.9\bin\cl6x" -pdsw225 -o3 -fr"C:/AudioLib/thirtypart/aac/libfaac/Release" -mf5 -mv6700 -@"Release.lkf" "channels.c"

[faacenc.c] "C:\Program Files\Texas Instruments\C6000 Code Generation Tools 6.1.9\bin\cl6x" -pdsw225 -o3 -fr"C:/AudioLib/thirtypart/aac/libfaac/Release" -mf5 -mv6700 -@"Release.lkf" "faacenc.c"
"psych.h", line 85: warning: last line of file ends without a newline
"aacquant.h", line 40: warning: unrecognized #pragma
"aacquant.h", line 47: warning: unrecognized #pragma
"frame.h", line 63: warning: unrecognized #pragma
"faaccfg.h", line 48: warning: unrecognized #pragma
"faaccfg.h", line 120: warning: unrecognized #pragma
"frame.h", line 158: warning: unrecognized #pragma

[fft.c] "C:\Program Files\Texas Instruments\C6000 Code Generation Tools 6.1.9\bin\cl6x" -pdsw225 -o3 -fr"C:/AudioLib/thirtypart/aac/libfaac/Release" -mf5 -mv6700 -@"Release.lkf" "fft.c"
"fft.c", line 652: warning: function declared implicitly

[filtbank.c] "C:\Program Files\Texas Instruments\C6000 Code Generation Tools 6.1.9\bin\cl6x" -pdsw225 -o3 -fr"C:/AudioLib/thirtypart/aac/libfaac/Release" -mf5 -mv6700 -@"Release.lkf" "filtbank.c"
"psych.h", line 85: warning: last line of file ends without a newline
"aacquant.h", line 40: warning: unrecognized #pragma
"aacquant.h", line 47: warning: unrecognized #pragma
"frame.h", line 63: warning: unrecognized #pragma
"faaccfg.h", line 48: warning: unrecognized #pragma
"faaccfg.h", line 120: warning: unrecognized #pragma
"frame.h", line 158: warning: unrecognized #pragma
"filtbank.c", line 61: warning: function declared implicitly
"filtbank.c", line 173: warning: function declared implicitly
"filtbank.c", line 292: warning: function declared implicitly
"filtbank.c", line 296: warning: function declared implicitly
"filtbank.c", line 312: warning: function declared implicitly
"filtbank.c", line 344: warning: function declared implicitly
"filtbank.c", line 372: warning: function declared implicitly

[frame.c] "C:\Program Files\Texas Instruments\C6000 Code Generation Tools 6.1.9\bin\cl6x" -pdsw225 -o3 -fr"C:/AudioLib/thirtypart/aac/libfaac/Release" -mf5 -mv6700 -@"Release.lkf" "frame.c"
"psych.h", line 85: warning: last line of file ends without a newline
"aacquant.h", line 40: warning: unrecognized #pragma
"aacquant.h", line 47: warning: unrecognized #pragma
"frame.h", line 63: warning: unrecognized #pragma
"faaccfg.h", line 48: warning: unrecognized #pragma
"faaccfg.h", line 120: warning: unrecognized #pragma
"frame.h", line 158: warning: unrecognized #pragma
"frame.c", line 107: warning: function declared implicitly
"frame.c", line 154: warning: statement is unreachable
"frame.c", line 310: warning: function declared implicitly
"frame.c", line 567: warning: statement is unreachable
"frame.c", line 685: warning: enumerated type mixed with another type
"frame.c", line 848: warning: enumerated type mixed with another type
"frame.c", line 1113: warning: integer conversion resulted in a change of sign

[huffman.c] "C:\Program Files\Texas Instruments\C6000 Code Generation Tools 6.1.9\bin\cl6x" -pdsw225 -o3 -fr"C:/AudioLib/thirtypart/aac/libfaac/Release" -mf5 -mv6700 -@"Release.lkf" "huffman.c"
"psych.h", line 85: warning: last line of file ends without a newline
"aacquant.h", line 40: warning: unrecognized #pragma
"aacquant.h", line 47: warning: unrecognized #pragma
"frame.h", line 63: warning: unrecognized #pragma
"faaccfg.h", line 48: warning: unrecognized #pragma
"faaccfg.h", line 120: warning: unrecognized #pragma
"frame.h", line 158: warning: unrecognized #pragma

[ltp.c] "C:\Program Files\Texas Instruments\C6000 Code Generation Tools 6.1.9\bin\cl6x" -pdsw225 -o3 -fr"C:/AudioLib/thirtypart/aac/libfaac/Release" -mf5 -mv6700 -@"Release.lkf" "ltp.c"
"psych.h", line 85: warning: last line of file ends without a newline
"aacquant.h", line 40: warning: unrecognized #pragma
"aacquant.h", line 47: warning: unrecognized #pragma
"frame.h", line 63: warning: unrecognized #pragma
"faaccfg.h", line 48: warning: unrecognized #pragma
"faaccfg.h", line 120: warning: unrecognized #pragma
"frame.h", line 158: warning: unrecognized #pragma
"ltp.c", line 268: warning: enumerated type mixed with another type

[midside.c] "C:\Program Files\Texas Instruments\C6000 Code Generation Tools 6.1.9\bin\cl6x" -pdsw225 -o3 -fr"C:/AudioLib/thirtypart/aac/libfaac/Release" -mf5 -mv6700 -@"Release.lkf" "midside.c"

[psychkni.c] "C:\Program Files\Texas Instruments\C6000 Code Generation Tools 6.1.9\bin\cl6x" -pdsw225 -o3 -fr"C:/AudioLib/thirtypart/aac/libfaac/Release" -mf5 -mv6700 -@"Release.lkf" "psychkni.c"
"psych.h", line 85: warning: last line of file ends without a newline
"aacquant.h", line 40: warning: unrecognized #pragma
"aacquant.h", line 47: warning: unrecognized #pragma
"frame.h", line 63: warning: unrecognized #pragma
"faaccfg.h", line 48: warning: unrecognized #pragma
"faaccfg.h", line 120: warning: unrecognized #pragma
"frame.h", line 158: warning: unrecognized #pragma
"psychkni.c", line 224: warning: function declared implicitly
"psychkni.c", line 236: warning: function declared implicitly

[tns.c] "C:\Program Files\Texas Instruments\C6000 Code Generation Tools 6.1.9\bin\cl6x" -pdsw225 -o3 -fr"C:/AudioLib/thirtypart/aac/libfaac/Release" -mf5 -mv6700 -@"Release.lkf" "tns.c"
"psych.h", line 85: warning: last line of file ends without a newline
"aacquant.h", line 40: warning: unrecognized #pragma
"aacquant.h", line 47: warning: unrecognized #pragma
"frame.h", line 63: warning: unrecognized #pragma
"faaccfg.h", line 48: warning: unrecognized #pragma
"faaccfg.h", line 120: warning: unrecognized #pragma
"frame.h", line 158: warning: unrecognized #pragma
"tns.c", line 155: warning: statement is unreachable
"tns.c", line 40: warning: variable "tnsSupportedSamplingRates" was declared but never referenced

[util.c] "C:\Program Files\Texas Instruments\C6000 Code Generation Tools 6.1.9\bin\cl6x" -pdsw225 -o3 -fr"C:/AudioLib/thirtypart/aac/libfaac/Release" -mf5 -mv6700 -@"Release.lkf" "util.c"

[Archiving...] "C:\Program Files\Texas Instruments\C6000 Code Generation Tools 6.1.9\bin\ar6x" @"Release.lkf"
  ==>  new archive 'C:\AudioLib\thirtypart\aac\libfaac\Release\AACEnc.lib'
  ==>  building archive 'C:\AudioLib\thirtypart\aac\libfaac\Release\AACEnc.lib'

Build Complete,
  0 Errors, 93 Warnings, 0 Remarks.
